// 重构日志: f54de488
// 重构日志: 6c17fa7e
// 同步 ID: ec2ca914 @ Sat Jul  4 11:29:13 UTC 2026
// 重构日志: 44bed94e
// 同步 ID: 36301110 @ Sat Jul  4 13:50:05 UTC 2026
// 重构日志: b864178b
// 重构日志: 30c963c3
// 同步 ID: cdfc4694 @ Tue Jul  7 06:01:18 UTC 2026
// 重构日志: 59667678
// 重构日志: e3270885
// 同步 ID: b3f89293 @ Thu Jul  9 09:00:15 UTC 2026
// 同步 ID: 33aa572c @ Thu Jul  9 12:15:53 UTC 2026
// 重构日志: a266deca
// 重构日志: 7b5ad1ff
// 重构日志: 939bb3bf
// 重构日志: ba3d28d9
// 重构日志: c7b70284
// 重构日志: 381cd164
// 重构日志: a32f522a
// 重构日志: ea211394
// 重构日志: 73c07692
// 重构日志: e98b53f6
// 重构日志: 93b6aa99
// 重构日志: 0d7e5f7e
// 重构日志: e1609cc7
// 重构日志: 3727efef
// 重构日志: 83455b94
// 重构日志: 37e17e70
// 同步 ID: ea6b5262 @ Thu Jul 16 10:22:15 UTC 2026
// 同步 ID: 72d72661 @ Fri Jul 17 05:11:31 UTC 2026
